<?xml version="1.0" encoding="UTF-8"?>
<!-- Generated by org.testng.reporters.JUnitReportReporter -->
<testsuite skipped="0" hostname="DESKTOP-8HNAADR" name="Senario.SimpleGetTest" tests="1" failures="0" timestamp="17 Sep 2019 17:52:40 GMT" time="39.463" errors="0">
  <testcase name="GetWeatherDetails" time="39.463" classname="Senario.SimpleGetTest"/>
</testsuite> <!-- Senario.SimpleGetTest -->
